<?xml version="1.0" encoding="UTF-8"?>
<Site BuildName="(empty)"
	BuildStamp="20260508-1706-Experimental"
	Name="(empty)"
	Generator="ctest-4.3.2"
	CompilerName=""
	CompilerVersion=""
	OSName="macOS"
	Hostname="MacBook-Air-Danil.local"
	OSRelease="26.4.1"
	OSVersion="25E253"
	OSPlatform="arm64"
	Is64Bits="1"
	VendorString="Apple"
	VendorID="Apple"
	FamilyID="0"
	ModelID="0"
	ModelName="Apple M2"
	ProcessorCacheSize="131072"
	NumberOfLogicalCPU="8"
	NumberOfPhysicalCPU="8"
	TotalVirtualMemory="2048"
	TotalPhysicalMemory="8192"
	LogicalProcessorsPerPhysical="8"
	ProcessorClockFrequency="0.000000"
	>
	<Testing>
		<StartDateTime>May 10 18:13 MSK</StartDateTime>
		<StartTestTime>1778425988</StartTestTime>
		<TestList/>
		<EndDateTime>May 10 18:13 MSK</EndDateTime>
		<EndTestTime>1778425988</EndTestTime>
		<ElapsedMinutes>0</ElapsedMinutes>
	</Testing>
</Site>
